# JRE version: Java(TM) SE Runtime Environment (17.0.4.1+1) (build 17.0.4.1+1-LTS-2)
# Java VM: Java HotSpot(TM) 64-Bit Server VM (17.0.4.1+1-LTS-2, mixed mode, sharing, tiered, compressed oops, compressed class ptrs, g1 gc, windows-amd64)
GC Precious Log:
 CPUs: 16 total, 16 available
 Memory: 65534M
 Large Page Support: Disabled
 NUMA Support: Disabled
 Compressed Oops: Enabled (Zero based)
 Heap Region Size: 8M
 Heap Min Capacity: 8M
 Heap Initial Capacity: 1G
 Heap Max Capacity: 16G
 Pre-touch: Disabled
 Parallel Workers: 13
 Concurrent Workers: 3
 Concurrent Refinement Workers: 13
 Periodic GC: Disabled
Heap:
 garbage-first heap   total 81920K, used 34067K [0x0000000400000000, 0x0000000800000000)
  region size 8192K, 3 young (24576K), 1 survivors (8192K)
 Metaspace       used 61392K, committed 61824K, reserved 1105920K
  class space    used 7985K, committed 8192K, reserved 1048576K
GC Heap History (20 events):
Event: 586.783 GC heap before
{Heap before GC invocations=144 (full 0):
 garbage-first heap   total 81920K, used 50436K [0x0000000400000000, 0x0000000800000000)
  region size 8192K, 4 young (32768K), 1 survivors (8192K)
 Metaspace       used 61392K, committed 61824K, reserved 1105920K
  class space    used 7985K, committed 8192K, reserved 1048576K
}
Event: 586.785 GC heap after
{Heap after GC invocations=145 (full 0):
 garbage-first heap   total 81920K, used 25870K [0x0000000400000000, 0x0000000800000000)
  region size 8192K, 1 young (8192K), 1 survivors (8192K)
 Metaspace       used 61392K, committed 61824K, reserved 1105920K
  class space    used 7985K, committed 8192K, reserved 1048576K
}
Event: 587.847 GC heap before
{Heap before GC invocations=145 (full 0):
 garbage-first heap   total 81920K, used 50446K [0x0000000400000000, 0x0000000800000000)
  region size 8192K, 4 young (32768K), 1 survivors (8192K)
 Metaspace       used 61392K, committed 61824K, reserved 1105920K
  class space    used 7985K, committed 8192K, reserved 1048576K
}
Event: 587.848 GC heap after
{Heap after GC invocations=146 (full 0):
 garbage-first heap   total 81920K, used 25880K [0x0000000400000000, 0x0000000800000000)
  region size 8192K, 1 young (8192K), 1 survivors (8192K)
 Metaspace       used 61392K, committed 61824K, reserved 1105920K
  class space    used 7985K, committed 8192K, reserved 1048576K
}
Event: 588.900 GC heap before
{Heap before GC invocations=146 (full 0):
 garbage-first heap   total 81920K, used 50456K [0x0000000400000000, 0x0000000800000000)
  region size 8192K, 4 young (32768K), 1 survivors (8192K)
 Metaspace       used 61392K, committed 61824K, reserved 1105920K
  class space    used 7985K, committed 8192K, reserved 1048576K
}
Event: 588.906 GC heap after
{Heap after GC invocations=147 (full 0):
 garbage-first heap   total 81920K, used 25864K [0x0000000400000000, 0x0000000800000000)
  region size 8192K, 1 young (8192K), 1 survivors (8192K)
 Metaspace       used 61392K, committed 61824K, reserved 1105920K
  class space    used 7985K, committed 8192K, reserved 1048576K
}
Event: 590.783 GC heap before
{Heap before GC invocations=147 (full 0):
 garbage-first heap   total 81920K, used 50440K [0x0000000400000000, 0x0000000800000000)
  region size 8192K, 4 young (32768K), 1 survivors (8192K)
 Metaspace       used 61392K, committed 61824K, reserved 1105920K
  class space    used 7985K, committed 8192K, reserved 1048576K
}
Event: 590.803 GC heap after
{Heap after GC invocations=148 (full 0):
 garbage-first heap   total 81920K, used 25859K [0x0000000400000000, 0x0000000800000000)
  region size 8192K, 1 young (8192K), 1 survivors (8192K)
 Metaspace       used 61392K, committed 61824K, reserved 1105920K
  class space    used 7985K, committed 8192K, reserved 1048576K
}
Event: 592.228 GC heap before
{Heap before GC invocations=148 (full 0):
 garbage-first heap   total 81920K, used 50435K [0x0000000400000000, 0x0000000800000000)
  region size 8192K, 4 young (32768K), 1 survivors (8192K)
 Metaspace       used 61392K, committed 61824K, reserved 1105920K
  class space    used 7985K, committed 8192K, reserved 1048576K
}
Event: 592.229 GC heap after
{Heap after GC invocations=149 (full 0):
 garbage-first heap   total 81920K, used 25882K [0x0000000400000000, 0x0000000800000000)
  region size 8192K, 1 young (8192K), 1 survivors (8192K)
 Metaspace       used 61392K, committed 61824K, reserved 1105920K
  class space    used 7985K, committed 8192K, reserved 1048576K
}
Event: 593.098 GC heap before
{Heap before GC invocations=149 (full 0):
 garbage-first heap   total 81920K, used 50458K [0x0000000400000000, 0x0000000800000000)
  region size 8192K, 4 young (32768K), 1 survivors (8192K)
 Metaspace       used 61392K, committed 61824K, reserved 1105920K
  class space    used 7985K, committed 8192K, reserved 1048576K
}
Event: 593.100 GC heap after
{Heap after GC invocations=150 (full 0):
 garbage-first heap   total 81920K, used 25875K [0x0000000400000000, 0x0000000800000000)
  region size 8192K, 1 young (8192K), 1 survivors (8192K)
 Metaspace       used 61392K, committed 61824K, reserved 1105920K
  class space    used 7985K, committed 8192K, reserved 1048576K
}
Event: 594.064 GC heap before
{Heap before GC invocations=150 (full 0):
 garbage-first heap   total 81920K, used 50451K [0x0000000400000000, 0x0000000800000000)
  region size 8192K, 4 young (32768K), 1 survivors (8192K)
 Metaspace       used 61392K, committed 61824K, reserved 1105920K
  class space    used 7985K, committed 8192K, reserved 1048576K
}
Event: 594.065 GC heap after
{Heap after GC invocations=151 (full 0):
 garbage-first heap   total 81920K, used 25885K [0x0000000400000000, 0x0000000800000000)
  region size 8192K, 1 young (8192K), 1 survivors (8192K)
 Metaspace       used 61392K, committed 61824K, reserved 1105920K
  class space    used 7985K, committed 8192K, reserved 1048576K
}
Event: 595.095 GC heap before
{Heap before GC invocations=151 (full 0):
 garbage-first heap   total 81920K, used 50461K [0x0000000400000000, 0x0000000800000000)
  region size 8192K, 4 young (32768K), 1 survivors (8192K)
 Metaspace       used 61392K, committed 61824K, reserved 1105920K
  class space    used 7985K, committed 8192K, reserved 1048576K
}
Event: 595.096 GC heap after
{Heap after GC invocations=152 (full 0):
 garbage-first heap   total 81920K, used 25869K [0x0000000400000000, 0x0000000800000000)
  region size 8192K, 1 young (8192K), 1 survivors (8192K)
 Metaspace       used 61392K, committed 61824K, reserved 1105920K
  class space    used 7985K, committed 8192K, reserved 1048576K
}
Event: 596.177 GC heap before
{Heap before GC invocations=152 (full 0):
 garbage-first heap   total 81920K, used 50445K [0x0000000400000000, 0x0000000800000000)
  region size 8192K, 4 young (32768K), 1 survivors (8192K)
 Metaspace       used 61392K, committed 61824K, reserved 1105920K
  class space    used 7985K, committed 8192K, reserved 1048576K
}
Event: 596.179 GC heap after
{Heap after GC invocations=153 (full 0):
 garbage-first heap   total 81920K, used 25881K [0x0000000400000000, 0x0000000800000000)
  region size 8192K, 1 young (8192K), 1 survivors (8192K)
 Metaspace       used 61392K, committed 61824K, reserved 1105920K
  class space    used 7985K, committed 8192K, reserved 1048576K
}
Event: 597.258 GC heap before
{Heap before GC invocations=153 (full 0):
 garbage-first heap   total 81920K, used 50457K [0x0000000400000000, 0x0000000800000000)
  region size 8192K, 4 young (32768K), 1 survivors (8192K)
 Metaspace       used 61392K, committed 61824K, reserved 1105920K
  class space    used 7985K, committed 8192K, reserved 1048576K
}
Event: 597.259 GC heap after
{Heap after GC invocations=154 (full 0):
 garbage-first heap   total 81920K, used 25875K [0x0000000400000000, 0x0000000800000000)
  region size 8192K, 1 young (8192K), 1 survivors (8192K)
 Metaspace       used 61392K, committed 61824K, reserved 1105920K
  class space    used 7985K, committed 8192K, reserved 1048576K
}

